<?xml version="1.0" encoding="UTF-8"?>
<!-- Generated by org.testng.reporters.JUnitReportReporter -->
<testsuite skipped="0" hostname="indranils-MacBook-Air.local" name="testPackagetest.NewTest" tests="1" failures="0" timestamp="08 Apr 2018 19:52:47 GMT" time="0.931" errors="0">
  <testcase name="callreadExcel" time="0.931" classname="testPackagetest.NewTest"/>
</testsuite> <!-- testPackagetest.NewTest -->
